<?xml version="1.0" encoding="UTF-8"?>
<!-- Generated by org.testng.reporters.JUnitReportReporter -->
<testsuite hostname="LAPTOP-1R9VMIHE" failures="0" tests="2" name="com.rb.qa.testcases.CustomBusTest" time="18.185" errors="0" timestamp="2023-05-08T06:38:13 IST" skipped="0">
  <testcase classname="com.rb.qa.testcases.CustomBusTest" name="custombuses" time="10.253"/>
  <system-out/>
  <testcase classname="com.rb.qa.testcases.CustomBusTest" name="custombuses" time="7.932"/>
  <system-out/>
</testsuite> <!-- com.rb.qa.testcases.CustomBusTest -->
