<?xml version="1.0" encoding="UTF-8"?>
<!-- Generated by org.testng.reporters.JUnitReportReporter -->
<testsuite hostname="LAPTOP-1R9VMIHE" failures="0" tests="1" name="com.rb.qa.testcases.LoginTest" time="7.149" errors="0" timestamp="2023-05-28T16:32:39 IST" skipped="0">
  <testcase classname="com.rb.qa.testcases.LoginTest" name="searchtest" time="7.149"/>
  <system-out/>
</testsuite> <!-- com.rb.qa.testcases.LoginTest -->
