<?xml version="1.0" encoding="UTF-8"?>
<!-- Generated by org.testng.reporters.JUnitReportReporter -->
<testsuite hostname="LAPTOP-1R9VMIHE" failures="0" tests="1" name="com.rb.qa.testcases.LoginTest" time="4.956" errors="0" timestamp="2023-05-07T12:25:34 IST" skipped="0">
  <testcase classname="com.rb.qa.testcases.LoginTest" name="searchtest" time="4.956"/>
  <system-out/>
</testsuite> <!-- com.rb.qa.testcases.LoginTest -->
